[debug] [2024-01-10T04:50:40.236Z] ----------------------------------------------------------------------
[debug] [2024-01-10T04:50:40.238Z] Command:       /usr/local/bin/node /usr/local/bin/firebase deploy --only functions
[debug] [2024-01-10T04:50:40.238Z] CLI Version:   13.0.2
[debug] [2024-01-10T04:50:40.238Z] Platform:      darwin
[debug] [2024-01-10T04:50:40.238Z] Node Version:  v20.10.0
[debug] [2024-01-10T04:50:40.238Z] Time:          Tue Jan 09 2024 22:50:40 GMT-0600 (Central Standard Time)
[debug] [2024-01-10T04:50:40.238Z] ----------------------------------------------------------------------
[debug] 
[debug] [2024-01-10T04:50:40.239Z] >>> [apiv2][query] GET https://firebase-public.firebaseio.com/cli.json [none]
[debug] [2024-01-10T04:50:40.298Z] > command requires scopes: ["email","openid","https://www.googleapis.com/auth/cloudplatformprojects.readonly","https://www.googleapis.com/auth/firebase","https://www.googleapis.com/auth/cloud-platform"]
[debug] [2024-01-10T04:50:40.298Z] > authorizing via signed-in user (michaelwlodawsky@gmail.com)
[debug] [2024-01-10T04:50:40.298Z] [iam] checking project michaelwlodawsky-homepage for permissions ["cloudfunctions.functions.create","cloudfunctions.functions.delete","cloudfunctions.functions.get","cloudfunctions.functions.list","cloudfunctions.functions.update","cloudfunctions.operations.get","firebase.projects.get"]
[debug] [2024-01-10T04:50:40.298Z] > refreshing access token with scopes: []
[debug] [2024-01-10T04:50:40.299Z] >>> [apiv2][query] POST https://www.googleapis.com/oauth2/v3/token [none]
[debug] [2024-01-10T04:50:40.299Z] >>> [apiv2][body] POST https://www.googleapis.com/oauth2/v3/token [omitted]
[debug] [2024-01-10T04:50:40.710Z] <<< [apiv2][status] GET https://firebase-public.firebaseio.com/cli.json 200
[debug] [2024-01-10T04:50:40.710Z] <<< [apiv2][body] GET https://firebase-public.firebaseio.com/cli.json {"cloudBuildErrorAfter":1594252800000,"cloudBuildWarnAfter":1590019200000,"defaultNode10After":1594252800000,"minVersion":"3.0.5","node8DeploysDisabledAfter":1613390400000,"node8RuntimeDisabledAfter":1615809600000,"node8WarnAfter":1600128000000}
[debug] [2024-01-10T04:50:40.757Z] <<< [apiv2][status] POST https://www.googleapis.com/oauth2/v3/token 200
[debug] [2024-01-10T04:50:40.758Z] <<< [apiv2][body] POST https://www.googleapis.com/oauth2/v3/token [omitted]
[debug] [2024-01-10T04:50:40.776Z] >>> [apiv2][query] POST https://cloudresourcemanager.googleapis.com/v1/projects/michaelwlodawsky-homepage:testIamPermissions [none]
[debug] [2024-01-10T04:50:40.776Z] >>> [apiv2][(partial)header] POST https://cloudresourcemanager.googleapis.com/v1/projects/michaelwlodawsky-homepage:testIamPermissions x-goog-quota-user=projects/michaelwlodawsky-homepage
[debug] [2024-01-10T04:50:40.776Z] >>> [apiv2][body] POST https://cloudresourcemanager.googleapis.com/v1/projects/michaelwlodawsky-homepage:testIamPermissions {"permissions":["cloudfunctions.functions.create","cloudfunctions.functions.delete","cloudfunctions.functions.get","cloudfunctions.functions.list","cloudfunctions.functions.update","cloudfunctions.operations.get","firebase.projects.get"]}
[debug] [2024-01-10T04:50:41.239Z] <<< [apiv2][status] POST https://cloudresourcemanager.googleapis.com/v1/projects/michaelwlodawsky-homepage:testIamPermissions 200
[debug] [2024-01-10T04:50:41.239Z] <<< [apiv2][body] POST https://cloudresourcemanager.googleapis.com/v1/projects/michaelwlodawsky-homepage:testIamPermissions {"permissions":["cloudfunctions.functions.create","cloudfunctions.functions.delete","cloudfunctions.functions.get","cloudfunctions.functions.list","cloudfunctions.functions.update","cloudfunctions.operations.get","firebase.projects.get"]}
[debug] [2024-01-10T04:50:41.240Z] >>> [apiv2][query] POST https://iam.googleapis.com/v1/projects/michaelwlodawsky-homepage/serviceAccounts/michaelwlodawsky-homepage@appspot.gserviceaccount.com:testIamPermissions [none]
[debug] [2024-01-10T04:50:41.240Z] >>> [apiv2][body] POST https://iam.googleapis.com/v1/projects/michaelwlodawsky-homepage/serviceAccounts/michaelwlodawsky-homepage@appspot.gserviceaccount.com:testIamPermissions {"permissions":["iam.serviceAccounts.actAs"]}
[debug] [2024-01-10T04:50:41.727Z] <<< [apiv2][status] POST https://iam.googleapis.com/v1/projects/michaelwlodawsky-homepage/serviceAccounts/michaelwlodawsky-homepage@appspot.gserviceaccount.com:testIamPermissions 200
[debug] [2024-01-10T04:50:41.727Z] <<< [apiv2][body] POST https://iam.googleapis.com/v1/projects/michaelwlodawsky-homepage/serviceAccounts/michaelwlodawsky-homepage@appspot.gserviceaccount.com:testIamPermissions {"permissions":["iam.serviceAccounts.actAs"]}
[info] 
[info] === Deploying to 'michaelwlodawsky-homepage'...
[info] 
[info] i  deploying functions 
[info] Running command: npm --prefix "$RESOURCE_DIR" run lint
[info] Running command: npm --prefix "$RESOURCE_DIR" run build
[info] ✔  functions: Finished running predeploy script. 
[debug] [2024-01-10T04:50:47.466Z] >>> [apiv2][query] GET https://firebase.googleapis.com/v1beta1/projects/michaelwlodawsky-homepage [none]
[debug] [2024-01-10T04:50:47.880Z] <<< [apiv2][status] GET https://firebase.googleapis.com/v1beta1/projects/michaelwlodawsky-homepage 200
[debug] [2024-01-10T04:50:47.880Z] <<< [apiv2][body] GET https://firebase.googleapis.com/v1beta1/projects/michaelwlodawsky-homepage {"projectId":"michaelwlodawsky-homepage","projectNumber":"1025690015406","displayName":"michaelwlodawsky-homepage","name":"projects/michaelwlodawsky-homepage","resources":{"hostingSite":"michaelwlodawsky-homepage"},"state":"ACTIVE","etag":"1_8606109b-63a6-4e01-bce7-489be0cef813"}
[info] i  functions: preparing codebase default for deployment 
[info] i  functions: ensuring required API cloudfunctions.googleapis.com is enabled... 
[info] i  functions: ensuring required API cloudbuild.googleapis.com is enabled... 
[info] i  artifactregistry: ensuring required API artifactregistry.googleapis.com is enabled... 
[debug] [2024-01-10T04:50:47.882Z] >>> [apiv2][query] GET https://serviceusage.googleapis.com/v1/projects/michaelwlodawsky-homepage/services/cloudfunctions.googleapis.com [none]
[debug] [2024-01-10T04:50:47.882Z] >>> [apiv2][(partial)header] GET https://serviceusage.googleapis.com/v1/projects/michaelwlodawsky-homepage/services/cloudfunctions.googleapis.com x-goog-quota-user=projects/michaelwlodawsky-homepage
[debug] [2024-01-10T04:50:47.884Z] >>> [apiv2][query] GET https://serviceusage.googleapis.com/v1/projects/michaelwlodawsky-homepage/services/runtimeconfig.googleapis.com [none]
[debug] [2024-01-10T04:50:47.884Z] >>> [apiv2][(partial)header] GET https://serviceusage.googleapis.com/v1/projects/michaelwlodawsky-homepage/services/runtimeconfig.googleapis.com x-goog-quota-user=projects/michaelwlodawsky-homepage
[debug] [2024-01-10T04:50:47.885Z] >>> [apiv2][query] GET https://serviceusage.googleapis.com/v1/projects/michaelwlodawsky-homepage/services/cloudbuild.googleapis.com [none]
[debug] [2024-01-10T04:50:47.885Z] >>> [apiv2][(partial)header] GET https://serviceusage.googleapis.com/v1/projects/michaelwlodawsky-homepage/services/cloudbuild.googleapis.com x-goog-quota-user=projects/michaelwlodawsky-homepage
[debug] [2024-01-10T04:50:47.885Z] >>> [apiv2][query] GET https://serviceusage.googleapis.com/v1/projects/michaelwlodawsky-homepage/services/artifactregistry.googleapis.com [none]
[debug] [2024-01-10T04:50:47.885Z] >>> [apiv2][(partial)header] GET https://serviceusage.googleapis.com/v1/projects/michaelwlodawsky-homepage/services/artifactregistry.googleapis.com x-goog-quota-user=projects/michaelwlodawsky-homepage
[debug] [2024-01-10T04:50:48.242Z] <<< [apiv2][status] GET https://serviceusage.googleapis.com/v1/projects/michaelwlodawsky-homepage/services/runtimeconfig.googleapis.com 200
[debug] [2024-01-10T04:50:48.242Z] <<< [apiv2][body] GET https://serviceusage.googleapis.com/v1/projects/michaelwlodawsky-homepage/services/runtimeconfig.googleapis.com [omitted]
[debug] [2024-01-10T04:50:48.261Z] <<< [apiv2][status] GET https://serviceusage.googleapis.com/v1/projects/michaelwlodawsky-homepage/services/cloudfunctions.googleapis.com 200
[debug] [2024-01-10T04:50:48.261Z] <<< [apiv2][body] GET https://serviceusage.googleapis.com/v1/projects/michaelwlodawsky-homepage/services/cloudfunctions.googleapis.com [omitted]
[info] ✔  functions: required API cloudfunctions.googleapis.com is enabled 
[debug] [2024-01-10T04:50:48.355Z] <<< [apiv2][status] GET https://serviceusage.googleapis.com/v1/projects/michaelwlodawsky-homepage/services/cloudbuild.googleapis.com 200
[debug] [2024-01-10T04:50:48.355Z] <<< [apiv2][body] GET https://serviceusage.googleapis.com/v1/projects/michaelwlodawsky-homepage/services/cloudbuild.googleapis.com [omitted]
[info] ✔  functions: required API cloudbuild.googleapis.com is enabled 
[debug] [2024-01-10T04:50:48.368Z] <<< [apiv2][status] GET https://serviceusage.googleapis.com/v1/projects/michaelwlodawsky-homepage/services/artifactregistry.googleapis.com 200
[debug] [2024-01-10T04:50:48.368Z] <<< [apiv2][body] GET https://serviceusage.googleapis.com/v1/projects/michaelwlodawsky-homepage/services/artifactregistry.googleapis.com [omitted]
[info] ✔  artifactregistry: required API artifactregistry.googleapis.com is enabled 
[debug] [2024-01-10T04:50:48.368Z] >>> [apiv2][query] GET https://firebase.googleapis.com/v1beta1/projects/michaelwlodawsky-homepage/adminSdkConfig [none]
[debug] [2024-01-10T04:50:48.520Z] <<< [apiv2][status] GET https://firebase.googleapis.com/v1beta1/projects/michaelwlodawsky-homepage/adminSdkConfig 200
[debug] [2024-01-10T04:50:48.520Z] <<< [apiv2][body] GET https://firebase.googleapis.com/v1beta1/projects/michaelwlodawsky-homepage/adminSdkConfig {"projectId":"michaelwlodawsky-homepage","storageBucket":"michaelwlodawsky-homepage.appspot.com"}
[debug] [2024-01-10T04:50:48.521Z] >>> [apiv2][query] GET https://runtimeconfig.googleapis.com/v1beta1/projects/michaelwlodawsky-homepage/configs [none]
[debug] [2024-01-10T04:50:48.891Z] <<< [apiv2][status] GET https://runtimeconfig.googleapis.com/v1beta1/projects/michaelwlodawsky-homepage/configs 200
[debug] [2024-01-10T04:50:48.892Z] <<< [apiv2][body] GET https://runtimeconfig.googleapis.com/v1beta1/projects/michaelwlodawsky-homepage/configs {}
[debug] [2024-01-10T04:50:48.893Z] Validating nodejs source
[debug] [2024-01-10T04:50:49.457Z] > [functions] package.json contents: {
  "name": "functions",
  "scripts": {
    "lint": "eslint --ext .js,.ts .",
    "build": "tsc",
    "build:watch": "tsc --watch",
    "serve": "npm run build && firebase emulators:start --only functions",
    "shell": "npm run build && firebase functions:shell",
    "start": "npm run shell",
    "deploy": "firebase deploy --only functions",
    "logs": "firebase functions:log"
  },
  "engines": {
    "node": "18"
  },
  "main": "lib/index.js",
  "dependencies": {
    "@google-cloud/firestore": "^7.1.0",
    "firebase-admin": "^11.8.0",
    "firebase-functions": "^4.3.1"
  },
  "devDependencies": {
    "@typescript-eslint/eslint-plugin": "^5.12.0",
    "@typescript-eslint/parser": "^5.12.0",
    "eslint": "^8.9.0",
    "eslint-config-google": "^0.14.0",
    "eslint-plugin-import": "^2.25.4",
    "firebase-functions-test": "^3.1.0",
    "typescript": "^4.9.0"
  },
  "private": true
}
[debug] [2024-01-10T04:50:49.457Z] Building nodejs source
[info] i  functions: Loading and analyzing source code for codebase default to determine what to deploy 
[debug] [2024-01-10T04:50:49.459Z] Could not find functions.yaml. Must use http discovery
[debug] [2024-01-10T04:50:49.467Z] Found firebase-functions binary at '/Users/michaelwlodawsky/src/michael-wlodawsky-website/functions/node_modules/.bin/firebase-functions'
[info] Serving at port 8755

[debug] [2024-01-10T04:50:49.669Z] Got response from /__/functions.yaml {"endpoints":{"validateToken":{"availableMemoryMb":null,"timeoutSeconds":120,"minInstances":null,"maxInstances":null,"ingressSettings":null,"concurrency":null,"serviceAccountEmail":null,"vpc":null,"platform":"gcfv2","labels":{},"httpsTrigger":{},"entryPoint":"validateToken"}},"specVersion":"v1alpha1","requiredAPIs":[]}
[info] i  functions: preparing functions directory for uploading... 
[info] i  functions: packaged /Users/michaelwlodawsky/src/michael-wlodawsky-website/functions (41.21 KB) for uploading 
[debug] [2024-01-10T04:50:54.719Z] >>> [apiv2][query] GET https://cloudfunctions.googleapis.com/v1/projects/michaelwlodawsky-homepage/locations/-/functions [none]
[debug] [2024-01-10T04:50:55.549Z] <<< [apiv2][status] GET https://cloudfunctions.googleapis.com/v1/projects/michaelwlodawsky-homepage/locations/-/functions 200
[debug] [2024-01-10T04:50:55.550Z] <<< [apiv2][body] GET https://cloudfunctions.googleapis.com/v1/projects/michaelwlodawsky-homepage/locations/-/functions {}
[debug] [2024-01-10T04:50:55.551Z] >>> [apiv2][query] GET https://cloudfunctions.googleapis.com/v2/projects/michaelwlodawsky-homepage/locations/-/functions filter=environment%3D%22GEN_2%22
[debug] [2024-01-10T04:50:56.164Z] <<< [apiv2][status] GET https://cloudfunctions.googleapis.com/v2/projects/michaelwlodawsky-homepage/locations/-/functions 200
[debug] [2024-01-10T04:50:56.165Z] <<< [apiv2][body] GET https://cloudfunctions.googleapis.com/v2/projects/michaelwlodawsky-homepage/locations/-/functions {"functions":[{"name":"projects/michaelwlodawsky-homepage/locations/us-central1/functions/validateToken","buildConfig":{"build":"projects/1025690015406/locations/us-central1/builds/baee962b-6d43-4a24-a0da-c410cf2784df","runtime":"nodejs18","entryPoint":"validateToken","source":{"storageSource":{"bucket":"gcf-v2-sources-1025690015406-us-central1","object":"validateToken/function-source.zip","generation":"1704852632210442"}},"environmentVariables":{"GOOGLE_NODE_RUN_SCRIPTS":""},"sourceProvenance":{"resolvedStorageSource":{"bucket":"gcf-v2-sources-1025690015406-us-central1","object":"validateToken/function-source.zip","generation":"1704852632210442"}},"dockerRegistry":"ARTIFACT_REGISTRY"},"serviceConfig":{"service":"projects/michaelwlodawsky-homepage/locations/us-central1/services/validatetoken","timeoutSeconds":120,"environmentVariables":{"FIREBASE_CONFIG":"{\"projectId\":\"michaelwlodawsky-homepage\",\"storageBucket\":\"michaelwlodawsky-homepage.appspot.com\"}","GCLOUD_PROJECT":"michaelwlodawsky-homepage","EVENTARC_CLOUD_EVENT_SOURCE":"projects/michaelwlodawsky-homepage/locations/us-central1/services/validateToken","FUNCTION_TARGET":"validateToken"},"maxInstanceCount":100,"ingressSettings":"ALLOW_ALL","uri":"https://validatetoken-vfiirq3f4a-uc.a.run.app","serviceAccountEmail":"1025690015406-compute@developer.gserviceaccount.com","availableMemory":"256Mi","allTrafficOnLatestRevision":true,"revision":"validatetoken-00010-moy","maxInstanceRequestConcurrency":80,"availableCpu":"1"},"state":"ACTIVE","updateTime":"2024-01-10T02:11:42.267088141Z","labels":{"deployment-tool":"cli-firebase","firebase-functions-hash":"c2d964c620e96c5fcb8ae6bc40bfaacf9a0e4c5b"},"environment":"GEN_2","url":"https://us-central1-michaelwlodawsky-homepage.cloudfunctions.net/validateToken"}]}
[info] i  functions: ensuring required API run.googleapis.com is enabled... 
[info] i  functions: ensuring required API eventarc.googleapis.com is enabled... 
[info] i  functions: ensuring required API pubsub.googleapis.com is enabled... 
[info] i  functions: ensuring required API storage.googleapis.com is enabled... 
[debug] [2024-01-10T04:50:56.169Z] >>> [apiv2][query] GET https://serviceusage.googleapis.com/v1/projects/michaelwlodawsky-homepage/services/run.googleapis.com [none]
[debug] [2024-01-10T04:50:56.169Z] >>> [apiv2][(partial)header] GET https://serviceusage.googleapis.com/v1/projects/michaelwlodawsky-homepage/services/run.googleapis.com x-goog-quota-user=projects/michaelwlodawsky-homepage
[debug] [2024-01-10T04:50:56.171Z] >>> [apiv2][query] GET https://serviceusage.googleapis.com/v1/projects/michaelwlodawsky-homepage/services/eventarc.googleapis.com [none]
[debug] [2024-01-10T04:50:56.171Z] >>> [apiv2][(partial)header] GET https://serviceusage.googleapis.com/v1/projects/michaelwlodawsky-homepage/services/eventarc.googleapis.com x-goog-quota-user=projects/michaelwlodawsky-homepage
[debug] [2024-01-10T04:50:56.173Z] >>> [apiv2][query] GET https://serviceusage.googleapis.com/v1/projects/michaelwlodawsky-homepage/services/pubsub.googleapis.com [none]
[debug] [2024-01-10T04:50:56.173Z] >>> [apiv2][(partial)header] GET https://serviceusage.googleapis.com/v1/projects/michaelwlodawsky-homepage/services/pubsub.googleapis.com x-goog-quota-user=projects/michaelwlodawsky-homepage
[debug] [2024-01-10T04:50:56.174Z] >>> [apiv2][query] GET https://serviceusage.googleapis.com/v1/projects/michaelwlodawsky-homepage/services/storage.googleapis.com [none]
[debug] [2024-01-10T04:50:56.174Z] >>> [apiv2][(partial)header] GET https://serviceusage.googleapis.com/v1/projects/michaelwlodawsky-homepage/services/storage.googleapis.com x-goog-quota-user=projects/michaelwlodawsky-homepage
[debug] [2024-01-10T04:50:56.434Z] <<< [apiv2][status] GET https://serviceusage.googleapis.com/v1/projects/michaelwlodawsky-homepage/services/eventarc.googleapis.com 200
[debug] [2024-01-10T04:50:56.434Z] <<< [apiv2][body] GET https://serviceusage.googleapis.com/v1/projects/michaelwlodawsky-homepage/services/eventarc.googleapis.com [omitted]
[info] ✔  functions: required API eventarc.googleapis.com is enabled 
[debug] [2024-01-10T04:50:56.575Z] <<< [apiv2][status] GET https://serviceusage.googleapis.com/v1/projects/michaelwlodawsky-homepage/services/run.googleapis.com 200
[debug] [2024-01-10T04:50:56.575Z] <<< [apiv2][body] GET https://serviceusage.googleapis.com/v1/projects/michaelwlodawsky-homepage/services/run.googleapis.com [omitted]
[info] ✔  functions: required API run.googleapis.com is enabled 
[debug] [2024-01-10T04:50:56.611Z] <<< [apiv2][status] GET https://serviceusage.googleapis.com/v1/projects/michaelwlodawsky-homepage/services/pubsub.googleapis.com 200
[debug] [2024-01-10T04:50:56.612Z] <<< [apiv2][body] GET https://serviceusage.googleapis.com/v1/projects/michaelwlodawsky-homepage/services/pubsub.googleapis.com [omitted]
[info] ✔  functions: required API pubsub.googleapis.com is enabled 
[debug] [2024-01-10T04:50:56.612Z] <<< [apiv2][status] GET https://serviceusage.googleapis.com/v1/projects/michaelwlodawsky-homepage/services/storage.googleapis.com 200
[debug] [2024-01-10T04:50:56.612Z] <<< [apiv2][body] GET https://serviceusage.googleapis.com/v1/projects/michaelwlodawsky-homepage/services/storage.googleapis.com [omitted]
[info] ✔  functions: required API storage.googleapis.com is enabled 
[info] i  functions: generating the service identity for pubsub.googleapis.com... 
[info] i  functions: generating the service identity for eventarc.googleapis.com... 
[debug] [2024-01-10T04:50:56.613Z] >>> [apiv2][query] POST https://serviceusage.googleapis.com/v1beta1/projects/1025690015406/services/pubsub.googleapis.com:generateServiceIdentity [none]
[debug] [2024-01-10T04:50:56.613Z] >>> [apiv2][query] POST https://serviceusage.googleapis.com/v1beta1/projects/1025690015406/services/eventarc.googleapis.com:generateServiceIdentity [none]
[debug] [2024-01-10T04:50:56.890Z] <<< [apiv2][status] POST https://serviceusage.googleapis.com/v1beta1/projects/1025690015406/services/pubsub.googleapis.com:generateServiceIdentity 200
[debug] [2024-01-10T04:50:56.891Z] <<< [apiv2][body] POST https://serviceusage.googleapis.com/v1beta1/projects/1025690015406/services/pubsub.googleapis.com:generateServiceIdentity {"name":"operations/finished.DONE_OPERATION","done":true,"response":{"@type":"type.googleapis.com/google.api.serviceusage.v1beta1.ServiceIdentity","email":"service-1025690015406@gcp-sa-pubsub.iam.gserviceaccount.com","uniqueId":"104174566214354272021"}}
[debug] [2024-01-10T04:50:56.897Z] <<< [apiv2][status] POST https://serviceusage.googleapis.com/v1beta1/projects/1025690015406/services/eventarc.googleapis.com:generateServiceIdentity 200
[debug] [2024-01-10T04:50:56.898Z] <<< [apiv2][body] POST https://serviceusage.googleapis.com/v1beta1/projects/1025690015406/services/eventarc.googleapis.com:generateServiceIdentity {"name":"operations/finished.DONE_OPERATION","done":true,"response":{"@type":"type.googleapis.com/google.api.serviceusage.v1beta1.ServiceIdentity","email":"service-1025690015406@gcp-sa-eventarc.iam.gserviceaccount.com","uniqueId":"111074405776376868893"}}
[debug] [2024-01-10T04:50:56.901Z] >>> [apiv2][query] GET https://firebase.googleapis.com/v1beta1/projects/michaelwlodawsky-homepage [none]
[debug] [2024-01-10T04:50:57.327Z] <<< [apiv2][status] GET https://firebase.googleapis.com/v1beta1/projects/michaelwlodawsky-homepage 200
[debug] [2024-01-10T04:50:57.328Z] <<< [apiv2][body] GET https://firebase.googleapis.com/v1beta1/projects/michaelwlodawsky-homepage {"projectId":"michaelwlodawsky-homepage","projectNumber":"1025690015406","displayName":"michaelwlodawsky-homepage","name":"projects/michaelwlodawsky-homepage","resources":{"hostingSite":"michaelwlodawsky-homepage"},"state":"ACTIVE","etag":"1_8606109b-63a6-4e01-bce7-489be0cef813"}
[debug] [2024-01-10T04:50:57.330Z] >>> [apiv2][query] POST https://cloudfunctions.googleapis.com/v2/projects/michaelwlodawsky-homepage/locations/us-central1/functions:generateUploadUrl [none]
[debug] [2024-01-10T04:50:57.568Z] <<< [apiv2][status] POST https://cloudfunctions.googleapis.com/v2/projects/michaelwlodawsky-homepage/locations/us-central1/functions:generateUploadUrl 200
[debug] [2024-01-10T04:50:57.569Z] <<< [apiv2][body] POST https://cloudfunctions.googleapis.com/v2/projects/michaelwlodawsky-homepage/locations/us-central1/functions:generateUploadUrl {"uploadUrl":"https://storage.googleapis.com/gcf-v2-uploads-1025690015406-us-central1/d821c8d2-064a-455e-9940-e7ad180ce1bf.zip?GoogleAccessId=service-1025690015406@gcf-admin-robot.iam.gserviceaccount.com&Expires=1704864057&Signature=WXPaRpFlMnrt6UauQhMBRHDjl0DZq%2B8pVHdq5gxloOTisJ8M2CYkmWrdJUgsW%2FtOkOHjY%2BowWDfz0IMBK8PH4f46qZ%2FiMw76GU6vAerphOIh4GckLEmQGqLSPL7raochioCnBwNBeZo4r6Hf4bykxem%2B7MsbVi3MV1jMTOZXOsu%2FZlrzNUGfBLNr%2Fe8bOd9oqC1lZ0mHp%2B8gDUv2xKlbC68hK4AUqwS7TOGOhSTjb6GTY1JWuMCNgxJwB0bn6Gs%2FvUSOL97Fw1kKo%2BIGVF2pzFxRChiIOHNiIRb0DhcEvL7mGpxHot9RvAyZeoVzq41pxcRssbsjFT0SveP%2Bpt%2Ffmg%3D%3D","storageSource":{"bucket":"gcf-v2-uploads-1025690015406-us-central1","object":"d821c8d2-064a-455e-9940-e7ad180ce1bf.zip"}}
[debug] [2024-01-10T04:50:57.570Z] >>> [apiv2][query] PUT https://storage.googleapis.com/gcf-v2-uploads-1025690015406-us-central1/d821c8d2-064a-455e-9940-e7ad180ce1bf.zip GoogleAccessId=service-1025690015406%40gcf-admin-robot.iam.gserviceaccount.com&Expires=1704864057&Signature=WXPaRpFlMnrt6UauQhMBRHDjl0DZq%2B8pVHdq5gxloOTisJ8M2CYkmWrdJUgsW%2FtOkOHjY%2BowWDfz0IMBK8PH4f46qZ%2FiMw76GU6vAerphOIh4GckLEmQGqLSPL7raochioCnBwNBeZo4r6Hf4bykxem%2B7MsbVi3MV1jMTOZXOsu%2FZlrzNUGfBLNr%2Fe8bOd9oqC1lZ0mHp%2B8gDUv2xKlbC68hK4AUqwS7TOGOhSTjb6GTY1JWuMCNgxJwB0bn6Gs%2FvUSOL97Fw1kKo%2BIGVF2pzFxRChiIOHNiIRb0DhcEvL7mGpxHot9RvAyZeoVzq41pxcRssbsjFT0SveP%2Bpt%2Ffmg%3D%3D
[debug] [2024-01-10T04:50:57.571Z] >>> [apiv2][body] PUT https://storage.googleapis.com/gcf-v2-uploads-1025690015406-us-central1/d821c8d2-064a-455e-9940-e7ad180ce1bf.zip [stream]
[debug] [2024-01-10T04:50:57.952Z] <<< [apiv2][status] PUT https://storage.googleapis.com/gcf-v2-uploads-1025690015406-us-central1/d821c8d2-064a-455e-9940-e7ad180ce1bf.zip 200
[debug] [2024-01-10T04:50:57.952Z] <<< [apiv2][body] PUT https://storage.googleapis.com/gcf-v2-uploads-1025690015406-us-central1/d821c8d2-064a-455e-9940-e7ad180ce1bf.zip [omitted]
[info] ✔  functions: functions folder uploaded successfully 
[info] i  functions: updating Node.js 18 (2nd Gen) function validateToken(us-central1)... 
[debug] [2024-01-10T04:50:57.957Z] >>> [apiv2][query] PATCH https://cloudfunctions.googleapis.com/v2/projects/michaelwlodawsky-homepage/locations/us-central1/functions/validateToken updateMask=name%2CbuildConfig.runtime%2CbuildConfig.entryPoint%2CbuildConfig.source.storageSource.bucket%2CbuildConfig.source.storageSource.object%2CbuildConfig.environmentVariables%2CbuildConfig.sourceToken%2CserviceConfig.environmentVariables%2CserviceConfig.ingressSettings%2CserviceConfig.timeoutSeconds%2CserviceConfig.serviceAccountEmail%2CserviceConfig.availableMemory%2CserviceConfig.minInstanceCount%2CserviceConfig.maxInstanceCount%2CserviceConfig.maxInstanceRequestConcurrency%2CserviceConfig.availableCpu%2CserviceConfig.vpcConnector%2CserviceConfig.vpcConnectorEgressSettings%2Clabels%2CbuildConfig.buildEnvironmentVariables
[debug] [2024-01-10T04:50:57.957Z] >>> [apiv2][body] PATCH https://cloudfunctions.googleapis.com/v2/projects/michaelwlodawsky-homepage/locations/us-central1/functions/validateToken {"name":"projects/michaelwlodawsky-homepage/locations/us-central1/functions/validateToken","buildConfig":{"runtime":"nodejs18","entryPoint":"validateToken","source":{"storageSource":{"bucket":"gcf-v2-uploads-1025690015406-us-central1","object":"d821c8d2-064a-455e-9940-e7ad180ce1bf.zip"}},"environmentVariables":{"GOOGLE_NODE_RUN_SCRIPTS":""}},"serviceConfig":{"environmentVariables":{"FIREBASE_CONFIG":"{\"projectId\":\"michaelwlodawsky-homepage\",\"storageBucket\":\"michaelwlodawsky-homepage.appspot.com\"}","GCLOUD_PROJECT":"michaelwlodawsky-homepage","EVENTARC_CLOUD_EVENT_SOURCE":"projects/michaelwlodawsky-homepage/locations/us-central1/services/validateToken","FUNCTION_TARGET":"validateToken"},"ingressSettings":null,"timeoutSeconds":120,"serviceAccountEmail":null,"availableMemory":"256Mi","minInstanceCount":null,"maxInstanceCount":null,"maxInstanceRequestConcurrency":80,"availableCpu":"1","vpcConnector":null,"vpcConnectorEgressSettings":null},"labels":{"deployment-tool":"cli-firebase","firebase-functions-hash":"eea4b83b5bf17e12cc3ad6a14368a2ac5fecc1db"}}
[debug] [2024-01-10T04:50:58.978Z] <<< [apiv2][status] PATCH https://cloudfunctions.googleapis.com/v2/projects/michaelwlodawsky-homepage/locations/us-central1/functions/validateToken 200
[debug] [2024-01-10T04:50:58.978Z] <<< [apiv2][body] PATCH https://cloudfunctions.googleapis.com/v2/projects/michaelwlodawsky-homepage/locations/us-central1/functions/validateToken {"name":"projects/michaelwlodawsky-homepage/locations/us-central1/operations/operation-1704862258137-60e902d498907-0fb06bef-10b3fcdc","metadata":{"@type":"type.googleapis.com/google.cloud.functions.v2.OperationMetadata","createTime":"2024-01-10T04:50:58.997256477Z","target":"projects/michaelwlodawsky-homepage/locations/us-central1/functions/validateToken","verb":"update","cancelRequested":false,"apiVersion":"v2"},"done":false}
[debug] [2024-01-10T04:50:58.978Z] >>> [apiv2][query] GET https://cloudfunctions.googleapis.com/v2/projects/michaelwlodawsky-homepage/locations/us-central1/operations/operation-1704862258137-60e902d498907-0fb06bef-10b3fcdc [none]
[debug] [2024-01-10T04:50:59.144Z] <<< [apiv2][status] GET https://cloudfunctions.googleapis.com/v2/projects/michaelwlodawsky-homepage/locations/us-central1/operations/operation-1704862258137-60e902d498907-0fb06bef-10b3fcdc 200
[debug] [2024-01-10T04:50:59.144Z] <<< [apiv2][body] GET https://cloudfunctions.googleapis.com/v2/projects/michaelwlodawsky-homepage/locations/us-central1/operations/operation-1704862258137-60e902d498907-0fb06bef-10b3fcdc {"name":"projects/michaelwlodawsky-homepage/locations/us-central1/operations/operation-1704862258137-60e902d498907-0fb06bef-10b3fcdc","metadata":{"@type":"type.googleapis.com/google.cloud.functions.v2.OperationMetadata","createTime":"2024-01-10T04:50:58.997256477Z","target":"projects/michaelwlodawsky-homepage/locations/us-central1/functions/validateToken","verb":"update","cancelRequested":false,"apiVersion":"v2","requestResource":{"@type":"type.googleapis.com/google.cloud.functions.v2.Function","name":"projects/michaelwlodawsky-homepage/locations/us-central1/functions/validateToken","buildConfig":{"runtime":"nodejs18","entryPoint":"validateToken","source":{"storageSource":{"bucket":"gcf-v2-sources-1025690015406-us-central1","object":"validateToken/function-source.zip","generation":"1704862258945538"}},"environmentVariables":{"GOOGLE_NODE_RUN_SCRIPTS":""},"sourceProvenance":{"resolvedStorageSource":{"bucket":"gcf-v2-sources-1025690015406-us-central1","object":"validateToken/function-source.zip","generation":"1704852632210442"}},"dockerRegistry":"ARTIFACT_REGISTRY"},"serviceConfig":{"service":"projects/michaelwlodawsky-homepage/locations/us-central1/services/validatetoken","timeoutSeconds":120,"environmentVariables":{"FIREBASE_CONFIG":"{\"projectId\":\"michaelwlodawsky-homepage\",\"storageBucket\":\"michaelwlodawsky-homepage.appspot.com\"}","GCLOUD_PROJECT":"michaelwlodawsky-homepage","EVENTARC_CLOUD_EVENT_SOURCE":"projects/michaelwlodawsky-homepage/locations/us-central1/services/validateToken","FUNCTION_TARGET":"validateToken"},"maxInstanceCount":100,"ingressSettings":"ALLOW_ALL","uri":"https://validatetoken-vfiirq3f4a-uc.a.run.app","serviceAccountEmail":"1025690015406-compute@developer.gserviceaccount.com","availableMemory":"256Mi","allTrafficOnLatestRevision":true,"revision":"validatetoken-00010-moy","maxInstanceRequestConcurrency":80,"availableCpu":"1"},"state":"ACTIVE","labels":{"deployment-tool":"cloudfunctions","firebase-functions-hash":"eea4b83b5bf17e12cc3ad6a14368a2ac5fecc1db"},"environment":"GEN_2","url":"https://us-central1-michaelwlodawsky-homepage.cloudfunctions.net/validateToken"},"stages":[{"name":"BUILD","state":"NOT_STARTED"},{"name":"SERVICE","state":"NOT_STARTED"}],"operationType":"UPDATE_FUNCTION"},"done":false}
[debug] [2024-01-10T04:50:59.646Z] [update-default-us-central1-validateToken] Retrying task index 0
[debug] [2024-01-10T04:50:59.646Z] >>> [apiv2][query] GET https://cloudfunctions.googleapis.com/v2/projects/michaelwlodawsky-homepage/locations/us-central1/operations/operation-1704862258137-60e902d498907-0fb06bef-10b3fcdc [none]
[debug] [2024-01-10T04:50:59.765Z] <<< [apiv2][status] GET https://cloudfunctions.googleapis.com/v2/projects/michaelwlodawsky-homepage/locations/us-central1/operations/operation-1704862258137-60e902d498907-0fb06bef-10b3fcdc 200
[debug] [2024-01-10T04:50:59.766Z] <<< [apiv2][body] GET https://cloudfunctions.googleapis.com/v2/projects/michaelwlodawsky-homepage/locations/us-central1/operations/operation-1704862258137-60e902d498907-0fb06bef-10b3fcdc {"name":"projects/michaelwlodawsky-homepage/locations/us-central1/operations/operation-1704862258137-60e902d498907-0fb06bef-10b3fcdc","metadata":{"@type":"type.googleapis.com/google.cloud.functions.v2.OperationMetadata","createTime":"2024-01-10T04:50:58.997256477Z","target":"projects/michaelwlodawsky-homepage/locations/us-central1/functions/validateToken","verb":"update","cancelRequested":false,"apiVersion":"v2","requestResource":{"@type":"type.googleapis.com/google.cloud.functions.v2.Function","name":"projects/michaelwlodawsky-homepage/locations/us-central1/functions/validateToken","buildConfig":{"runtime":"nodejs18","entryPoint":"validateToken","source":{"storageSource":{"bucket":"gcf-v2-sources-1025690015406-us-central1","object":"validateToken/function-source.zip","generation":"1704862258945538"}},"environmentVariables":{"GOOGLE_NODE_RUN_SCRIPTS":""},"sourceProvenance":{"resolvedStorageSource":{"bucket":"gcf-v2-sources-1025690015406-us-central1","object":"validateToken/function-source.zip","generation":"1704852632210442"}},"dockerRegistry":"ARTIFACT_REGISTRY"},"serviceConfig":{"service":"projects/michaelwlodawsky-homepage/locations/us-central1/services/validatetoken","timeoutSeconds":120,"environmentVariables":{"FIREBASE_CONFIG":"{\"projectId\":\"michaelwlodawsky-homepage\",\"storageBucket\":\"michaelwlodawsky-homepage.appspot.com\"}","GCLOUD_PROJECT":"michaelwlodawsky-homepage","EVENTARC_CLOUD_EVENT_SOURCE":"projects/michaelwlodawsky-homepage/locations/us-central1/services/validateToken","FUNCTION_TARGET":"validateToken"},"maxInstanceCount":100,"ingressSettings":"ALLOW_ALL","uri":"https://validatetoken-vfiirq3f4a-uc.a.run.app","serviceAccountEmail":"1025690015406-compute@developer.gserviceaccount.com","availableMemory":"256Mi","allTrafficOnLatestRevision":true,"revision":"validatetoken-00010-moy","maxInstanceRequestConcurrency":80,"availableCpu":"1"},"state":"ACTIVE","labels":{"deployment-tool":"cloudfunctions","firebase-functions-hash":"eea4b83b5bf17e12cc3ad6a14368a2ac5fecc1db"},"environment":"GEN_2","url":"https://us-central1-michaelwlodawsky-homepage.cloudfunctions.net/validateToken"},"stages":[{"name":"BUILD","message":"Creating build","state":"IN_PROGRESS","resource":"projects/1025690015406/locations/us-central1/builds/fb6a3568-d433-4e80-83be-facce8655be0","resourceUri":"https://console.cloud.google.com/cloud-build/builds;region=us-central1/fb6a3568-d433-4e80-83be-facce8655be0?project=1025690015406"},{"name":"SERVICE","state":"NOT_STARTED"}],"operationType":"UPDATE_FUNCTION"},"done":false}
[debug] [2024-01-10T04:51:00.767Z] [update-default-us-central1-validateToken] Retrying task index 0
[debug] [2024-01-10T04:51:00.769Z] >>> [apiv2][query] GET https://cloudfunctions.googleapis.com/v2/projects/michaelwlodawsky-homepage/locations/us-central1/operations/operation-1704862258137-60e902d498907-0fb06bef-10b3fcdc [none]
[debug] [2024-01-10T04:51:00.881Z] <<< [apiv2][status] GET https://cloudfunctions.googleapis.com/v2/projects/michaelwlodawsky-homepage/locations/us-central1/operations/operation-1704862258137-60e902d498907-0fb06bef-10b3fcdc 200
[debug] [2024-01-10T04:51:00.881Z] <<< [apiv2][body] GET https://cloudfunctions.googleapis.com/v2/projects/michaelwlodawsky-homepage/locations/us-central1/operations/operation-1704862258137-60e902d498907-0fb06bef-10b3fcdc {"name":"projects/michaelwlodawsky-homepage/locations/us-central1/operations/operation-1704862258137-60e902d498907-0fb06bef-10b3fcdc","metadata":{"@type":"type.googleapis.com/google.cloud.functions.v2.OperationMetadata","createTime":"2024-01-10T04:50:58.997256477Z","target":"projects/michaelwlodawsky-homepage/locations/us-central1/functions/validateToken","verb":"update","cancelRequested":false,"apiVersion":"v2","requestResource":{"@type":"type.googleapis.com/google.cloud.functions.v2.Function","name":"projects/michaelwlodawsky-homepage/locations/us-central1/functions/validateToken","buildConfig":{"runtime":"nodejs18","entryPoint":"validateToken","source":{"storageSource":{"bucket":"gcf-v2-sources-1025690015406-us-central1","object":"validateToken/function-source.zip","generation":"1704862258945538"}},"environmentVariables":{"GOOGLE_NODE_RUN_SCRIPTS":""},"sourceProvenance":{"resolvedStorageSource":{"bucket":"gcf-v2-sources-1025690015406-us-central1","object":"validateToken/function-source.zip","generation":"1704852632210442"}},"dockerRegistry":"ARTIFACT_REGISTRY"},"serviceConfig":{"service":"projects/michaelwlodawsky-homepage/locations/us-central1/services/validatetoken","timeoutSeconds":120,"environmentVariables":{"FIREBASE_CONFIG":"{\"projectId\":\"michaelwlodawsky-homepage\",\"storageBucket\":\"michaelwlodawsky-homepage.appspot.com\"}","GCLOUD_PROJECT":"michaelwlodawsky-homepage","EVENTARC_CLOUD_EVENT_SOURCE":"projects/michaelwlodawsky-homepage/locations/us-central1/services/validateToken","FUNCTION_TARGET":"validateToken"},"maxInstanceCount":100,"ingressSettings":"ALLOW_ALL","uri":"https://validatetoken-vfiirq3f4a-uc.a.run.app","serviceAccountEmail":"1025690015406-compute@developer.gserviceaccount.com","availableMemory":"256Mi","allTrafficOnLatestRevision":true,"revision":"validatetoken-00010-moy","maxInstanceRequestConcurrency":80,"availableCpu":"1"},"state":"ACTIVE","labels":{"deployment-tool":"cloudfunctions","firebase-functions-hash":"eea4b83b5bf17e12cc3ad6a14368a2ac5fecc1db"},"environment":"GEN_2","url":"https://us-central1-michaelwlodawsky-homepage.cloudfunctions.net/validateToken"},"stages":[{"name":"BUILD","message":"Build in progress","state":"IN_PROGRESS","resource":"projects/1025690015406/locations/us-central1/builds/fb6a3568-d433-4e80-83be-facce8655be0","resourceUri":"https://console.cloud.google.com/cloud-build/builds;region=us-central1/fb6a3568-d433-4e80-83be-facce8655be0?project=1025690015406"},{"name":"SERVICE","state":"NOT_STARTED"}],"operationType":"UPDATE_FUNCTION"},"done":false}
[debug] [2024-01-10T04:51:02.883Z] [update-default-us-central1-validateToken] Retrying task index 0
[debug] [2024-01-10T04:51:02.885Z] >>> [apiv2][query] GET https://cloudfunctions.googleapis.com/v2/projects/michaelwlodawsky-homepage/locations/us-central1/operations/operation-1704862258137-60e902d498907-0fb06bef-10b3fcdc [none]
[debug] [2024-01-10T04:51:03.031Z] <<< [apiv2][status] GET https://cloudfunctions.googleapis.com/v2/projects/michaelwlodawsky-homepage/locations/us-central1/operations/operation-1704862258137-60e902d498907-0fb06bef-10b3fcdc 200
[debug] [2024-01-10T04:51:03.031Z] <<< [apiv2][body] GET https://cloudfunctions.googleapis.com/v2/projects/michaelwlodawsky-homepage/locations/us-central1/operations/operation-1704862258137-60e902d498907-0fb06bef-10b3fcdc {"name":"projects/michaelwlodawsky-homepage/locations/us-central1/operations/operation-1704862258137-60e902d498907-0fb06bef-10b3fcdc","metadata":{"@type":"type.googleapis.com/google.cloud.functions.v2.OperationMetadata","createTime":"2024-01-10T04:50:58.997256477Z","target":"projects/michaelwlodawsky-homepage/locations/us-central1/functions/validateToken","verb":"update","cancelRequested":false,"apiVersion":"v2","requestResource":{"@type":"type.googleapis.com/google.cloud.functions.v2.Function","name":"projects/michaelwlodawsky-homepage/locations/us-central1/functions/validateToken","buildConfig":{"runtime":"nodejs18","entryPoint":"validateToken","source":{"storageSource":{"bucket":"gcf-v2-sources-1025690015406-us-central1","object":"validateToken/function-source.zip","generation":"1704862258945538"}},"environmentVariables":{"GOOGLE_NODE_RUN_SCRIPTS":""},"sourceProvenance":{"resolvedStorageSource":{"bucket":"gcf-v2-sources-1025690015406-us-central1","object":"validateToken/function-source.zip","generation":"1704852632210442"}},"dockerRegistry":"ARTIFACT_REGISTRY"},"serviceConfig":{"service":"projects/michaelwlodawsky-homepage/locations/us-central1/services/validatetoken","timeoutSeconds":120,"environmentVariables":{"FIREBASE_CONFIG":"{\"projectId\":\"michaelwlodawsky-homepage\",\"storageBucket\":\"michaelwlodawsky-homepage.appspot.com\"}","GCLOUD_PROJECT":"michaelwlodawsky-homepage","EVENTARC_CLOUD_EVENT_SOURCE":"projects/michaelwlodawsky-homepage/locations/us-central1/services/validateToken","FUNCTION_TARGET":"validateToken"},"maxInstanceCount":100,"ingressSettings":"ALLOW_ALL","uri":"https://validatetoken-vfiirq3f4a-uc.a.run.app","serviceAccountEmail":"1025690015406-compute@developer.gserviceaccount.com","availableMemory":"256Mi","allTrafficOnLatestRevision":true,"revision":"validatetoken-00010-moy","maxInstanceRequestConcurrency":80,"availableCpu":"1"},"state":"ACTIVE","labels":{"deployment-tool":"cloudfunctions","firebase-functions-hash":"eea4b83b5bf17e12cc3ad6a14368a2ac5fecc1db"},"environment":"GEN_2","url":"https://us-central1-michaelwlodawsky-homepage.cloudfunctions.net/validateToken"},"stages":[{"name":"BUILD","message":"Build in progress","state":"IN_PROGRESS","resource":"projects/1025690015406/locations/us-central1/builds/fb6a3568-d433-4e80-83be-facce8655be0","resourceUri":"https://console.cloud.google.com/cloud-build/builds;region=us-central1/fb6a3568-d433-4e80-83be-facce8655be0?project=1025690015406"},{"name":"SERVICE","state":"NOT_STARTED"}],"operationType":"UPDATE_FUNCTION"},"done":false}
